##############################################################################
########## unit_m_xfunit_assertion_write_test_001 ############################
##############################################################################
Assertion name: Class equal   type: class                    status: pass
  actual:   1: 1.000000 (One)
  expected: 1: 1.000000 (One)
------------------------------------------------------------------------------
Assertion name: Integer equal   type: integer                  status: pass
  actual:   3
  expected: 3
------------------------------------------------------------------------------
Assertion name: Integer between   type: integer_between          status: pass
  actual:   5
  low:      3
  high:     6
------------------------------------------------------------------------------
Assertion name: Integer greater   type: integer_greater          status: pass
  actual:   6
  low:      3
------------------------------------------------------------------------------
Assertion name: Integer less   type: integer_less             status: pass
  actual:   3
  high:     6
------------------------------------------------------------------------------
Assertion name: Real equal   type: real                     status: pass
  actual:    3.00000000000000
  expected:  3.00000000000000
  threshold: 0.222044604925031E-015
------------------------------------------------------------------------------
Assertion name: Real between   type: real_between             status: pass
  actual:   5.00000000000000
  high:     6.00000000000000
  low:      3.00000000000000
------------------------------------------------------------------------------
Assertion name: Real greater   type: real_greater             status: pass
  actual:   6.00000000000000
  low:      3.00000000000000
------------------------------------------------------------------------------
Assertion name: Real less   type: real_less                status: pass
  actual:   3.00000000000000
  high:     6.00000000000000
------------------------------------------------------------------------------
Assertion name: Complex equal   type: complex                  status: pass
  actual:   3.00000000000000-i3.00000000000000
  expected: 3.00000000000000-i3.00000000000000
------------------------------------------------------------------------------
Assertion name: Logical equal   type: logical                  status: pass
  actual:   T
  expected: T
------------------------------------------------------------------------------
Assertion name: Logical between   type: logical                  status: pass
  actual:   F
  expected: F
------------------------------------------------------------------------------
Assertion name: Character equal   type: character                status: pass
  actual:   Lorem ipsum dolor sit amet,
  expected: Lorem ipsum dolor sit amet,
------------------------------------------------------------------------------
Assertion name: Character equal (nocase)   type: character_nocase         status: pass
  actual:   Lorem ipsum dolor sit amet,
  expected: Lorem ipsum dolor sit amet,
------------------------------------------------------------------------------
Assertion name: Character equal (global)   type: character                status: pass
  actual:   Lorem ipsum dolor sit amet,
  expected: Lorem*
------------------------------------------------------------------------------
Assertion name: String equal   type: string                   status: pass
  actual:   Lorem ipsum dolor sit amet,
  expected: Lorem ipsum dolor sit amet,
------------------------------------------------------------------------------
Assertion name: String equal (nocase)   type: string_nocase            status: pass
  actual:   Lorem ipsum dolor sit amet,
  expected: Lorem ipsum dolor sit amet,
------------------------------------------------------------------------------
Assertion name: String equal (global)   type: string                   status: pass
  actual:   Lorem ipsum dolor sit amet,
  expected: Lorem*
------------------------------------------------------------------------------
0001 Assertion name: Class array equal   type: class                    status: pass
  actual:   1: 1.000000 (One)
  expected: 1: 1.000000 (One)
------------------------------------------------------------------------------
0002 Assertion name: Class array equal   type: class                    status: pass
  actual:   2: 2.000000 (Two)
  expected: 2: 2.000000 (Two)
------------------------------------------------------------------------------
0003 Assertion name: Class array equal   type: class                    status: pass
  actual:   3: 3.000000 (Three)
  expected: 3: 3.000000 (Three)
------------------------------------------------------------------------------
0004 Assertion name: Class array equal   type: class                    status: pass
  actual:   4: 4.000000 (Four)
  expected: 4: 4.000000 (Four)
------------------------------------------------------------------------------
0001 Assertion name: Integer array equal   type: integer                  status: pass
  actual:   3
  expected: 3
------------------------------------------------------------------------------
0002 Assertion name: Integer array equal   type: integer                  status: pass
  actual:   4
  expected: 4
------------------------------------------------------------------------------
0003 Assertion name: Integer array equal   type: integer                  status: pass
  actual:   5
  expected: 5
------------------------------------------------------------------------------
0004 Assertion name: Integer array equal   type: integer                  status: pass
  actual:   6
  expected: 6
------------------------------------------------------------------------------
0001 Assertion name: Integer array between   type: integer_between          status: pass
  actual:   3
  low:      3
  high:     6
------------------------------------------------------------------------------
0002 Assertion name: Integer array between   type: integer_between          status: pass
  actual:   4
  low:      3
  high:     6
------------------------------------------------------------------------------
0003 Assertion name: Integer array between   type: integer_between          status: pass
  actual:   5
  low:      3
  high:     6
------------------------------------------------------------------------------
0004 Assertion name: Integer array between   type: integer_between          status: pass
  actual:   6
  low:      3
  high:     6
------------------------------------------------------------------------------
0001 Assertion name: Integer array greater   type: integer_greater          status: pass
  actual:   3
  low:      3
------------------------------------------------------------------------------
0002 Assertion name: Integer array greater   type: integer_greater          status: pass
  actual:   4
  low:      3
------------------------------------------------------------------------------
0003 Assertion name: Integer array greater   type: integer_greater          status: pass
  actual:   5
  low:      3
------------------------------------------------------------------------------
0004 Assertion name: Integer array greater   type: integer_greater          status: pass
  actual:   6
  low:      3
------------------------------------------------------------------------------
0001 Assertion name: Integer array less   type: integer_less             status: pass
  actual:   3
  high:     6
------------------------------------------------------------------------------
0002 Assertion name: Integer array less   type: integer_less             status: pass
  actual:   4
  high:     6
------------------------------------------------------------------------------
0003 Assertion name: Integer array less   type: integer_less             status: pass
  actual:   5
  high:     6
------------------------------------------------------------------------------
0004 Assertion name: Integer array less   type: integer_less             status: pass
  actual:   6
  high:     6
------------------------------------------------------------------------------
0001 Assertion name: Real array equal   type: real                     status: pass
  actual:    3.00000000000000
  expected:  3.00000000000000
  threshold: 0.222044604925031E-013
------------------------------------------------------------------------------
0002 Assertion name: Real array equal   type: real                     status: pass
  actual:    4.00000000000000
  expected:  4.00000000000000
  threshold: 0.222044604925031E-013
------------------------------------------------------------------------------
0003 Assertion name: Real array equal   type: real                     status: pass
  actual:    5.00000000000000
  expected:  5.00000000000000
  threshold: 0.222044604925031E-013
------------------------------------------------------------------------------
0004 Assertion name: Real array equal   type: real                     status: pass
  actual:    6.00000000000000
  expected:  6.00000000000000
  threshold: 0.222044604925031E-013
------------------------------------------------------------------------------
0001 Assertion name: Real array between   type: real_between             status: pass
  actual:   3.00000000000000
  high:     6.00000000000000
  low:      3.00000000000000
------------------------------------------------------------------------------
0002 Assertion name: Real array between   type: real_between             status: pass
  actual:   4.00000000000000
  high:     6.00000000000000
  low:      3.00000000000000
------------------------------------------------------------------------------
0003 Assertion name: Real array between   type: real_between             status: pass
  actual:   5.00000000000000
  high:     6.00000000000000
  low:      3.00000000000000
------------------------------------------------------------------------------
0004 Assertion name: Real array between   type: real_between             status: pass
  actual:   6.00000000000000
  high:     6.00000000000000
  low:      3.00000000000000
------------------------------------------------------------------------------
0001 Assertion name: Real array greater   type: real_greater             status: pass
  actual:   3.00000000000000
  low:      3.00000000000000
------------------------------------------------------------------------------
0002 Assertion name: Real array greater   type: real_greater             status: pass
  actual:   4.00000000000000
  low:      3.00000000000000
------------------------------------------------------------------------------
0003 Assertion name: Real array greater   type: real_greater             status: pass
  actual:   5.00000000000000
  low:      3.00000000000000
------------------------------------------------------------------------------
0004 Assertion name: Real array greater   type: real_greater             status: pass
  actual:   6.00000000000000
  low:      3.00000000000000
------------------------------------------------------------------------------
0001 Assertion name: Real array less   type: real_less                status: pass
  actual:   3.00000000000000
  high:     6.00000000000000
------------------------------------------------------------------------------
0002 Assertion name: Real array less   type: real_less                status: pass
  actual:   4.00000000000000
  high:     6.00000000000000
------------------------------------------------------------------------------
0003 Assertion name: Real array less   type: real_less                status: pass
  actual:   5.00000000000000
  high:     6.00000000000000
------------------------------------------------------------------------------
0004 Assertion name: Real array less   type: real_less                status: pass
  actual:   6.00000000000000
  high:     6.00000000000000
------------------------------------------------------------------------------
0001 Assertion name: Complex array equal   type: complex                  status: pass
  actual:   3.00000000000000-i3.00000000000000
  expected: 3.00000000000000-i3.00000000000000
------------------------------------------------------------------------------
0002 Assertion name: Complex array equal   type: complex                  status: pass
  actual:   4.00000000000000-i4.00000000000000
  expected: 4.00000000000000-i4.00000000000000
------------------------------------------------------------------------------
0003 Assertion name: Complex array equal   type: complex                  status: pass
  actual:   5.00000000000000-i5.00000000000000
  expected: 5.00000000000000-i5.00000000000000
------------------------------------------------------------------------------
0004 Assertion name: Complex array equal   type: complex                  status: pass
  actual:   6.00000000000000-i6.00000000000000
  expected: 6.00000000000000-i6.00000000000000
------------------------------------------------------------------------------
0001 Assertion name: Logical array equal   type: logical                  status: pass
  actual:   T
  expected: T
------------------------------------------------------------------------------
0002 Assertion name: Logical array equal   type: logical                  status: pass
  actual:   T
  expected: T
------------------------------------------------------------------------------
0003 Assertion name: Logical array equal   type: logical                  status: pass
  actual:   T
  expected: T
------------------------------------------------------------------------------
0004 Assertion name: Logical array equal   type: logical                  status: pass
  actual:   T
  expected: T
------------------------------------------------------------------------------
0001 Assertion name: Logical array between   type: logical                  status: pass
  actual:   F
  expected: F
------------------------------------------------------------------------------
0002 Assertion name: Logical array between   type: logical                  status: pass
  actual:   F
  expected: F
------------------------------------------------------------------------------
0003 Assertion name: Logical array between   type: logical                  status: pass
  actual:   F
  expected: F
------------------------------------------------------------------------------
0004 Assertion name: Logical array between   type: logical                  status: pass
  actual:   F
  expected: F
------------------------------------------------------------------------------
0001 Assertion name: Character array equal   type: character                status: pass
  actual:   Lorem ipsum dolor sit amet,
  expected: Lorem ipsum dolor sit amet,
------------------------------------------------------------------------------
0002 Assertion name: Character array equal   type: character                status: pass
  actual:   consectetur adipiscing elit.
  expected: consectetur adipiscing elit.
------------------------------------------------------------------------------
0003 Assertion name: Character array equal   type: character                status: pass
  actual:   Aliquam non consequat ex,
  expected: Aliquam non consequat ex,
------------------------------------------------------------------------------
0004 Assertion name: Character array equal   type: character                status: pass
  actual:   efficitur vestibulum mauris.
  expected: efficitur vestibulum mauris.
------------------------------------------------------------------------------
0001 Assertion name: Character array equal (nocase)   type: character_nocase         status: pass
  actual:   Lorem ipsum dolor sit amet,
  expected: Lorem ipsum dolor sit amet,
------------------------------------------------------------------------------
0002 Assertion name: Character array equal (nocase)   type: character_nocase         status: pass
  actual:   consectetur adipiscing elit.
  expected: consectetur adipiscing elit.
------------------------------------------------------------------------------
0003 Assertion name: Character array equal (nocase)   type: character_nocase         status: pass
  actual:   Aliquam non consequat ex,
  expected: Aliquam non consequat ex,
------------------------------------------------------------------------------
0004 Assertion name: Character array equal (nocase)   type: character_nocase         status: pass
  actual:   efficitur vestibulum mauris.
  expected: efficitur vestibulum mauris.
------------------------------------------------------------------------------
0001 Assertion name: Character array equal (global)   type: character                status: pass
  actual:   Lorem ipsum dolor sit amet,
  expected: *i*
------------------------------------------------------------------------------
0002 Assertion name: Character array equal (global)   type: character                status: pass
  actual:   consectetur adipiscing elit.
  expected: *i*
------------------------------------------------------------------------------
0003 Assertion name: Character array equal (global)   type: character                status: pass
  actual:   Aliquam non consequat ex,
  expected: *i*
------------------------------------------------------------------------------
0004 Assertion name: Character array equal (global)   type: character                status: pass
  actual:   efficitur vestibulum mauris.
  expected: *i*
------------------------------------------------------------------------------
0001 Assertion name: String array equal   type: string                   status: pass
  actual:   Lorem ipsum dolor sit amet,
  expected: Lorem ipsum dolor sit amet,
------------------------------------------------------------------------------
0002 Assertion name: String array equal   type: string                   status: pass
  actual:   consectetur adipiscing elit.
  expected: consectetur adipiscing elit.
------------------------------------------------------------------------------
0003 Assertion name: String array equal   type: string                   status: pass
  actual:   Aliquam non consequat ex,
  expected: Aliquam non consequat ex,
------------------------------------------------------------------------------
0004 Assertion name: String array equal   type: string                   status: pass
  actual:   efficitur vestibulum mauris.
  expected: efficitur vestibulum mauris.
------------------------------------------------------------------------------
0001 Assertion name: String array equal (nocase)   type: string_nocase            status: pass
  actual:   Lorem ipsum dolor sit amet,
  expected: Lorem ipsum dolor sit amet,
------------------------------------------------------------------------------
0002 Assertion name: String array equal (nocase)   type: string_nocase            status: pass
  actual:   consectetur adipiscing elit.
  expected: consectetur adipiscing elit.
------------------------------------------------------------------------------
0003 Assertion name: String array equal (nocase)   type: string_nocase            status: pass
  actual:   Aliquam non consequat ex,
  expected: Aliquam non consequat ex,
------------------------------------------------------------------------------
0004 Assertion name: String array equal (nocase)   type: string_nocase            status: pass
  actual:   efficitur vestibulum mauris.
  expected: efficitur vestibulum mauris.
------------------------------------------------------------------------------
0001 Assertion name: String array equal (global)   type: string                   status: pass
  actual:   Lorem ipsum dolor sit amet,
  expected: *i*
------------------------------------------------------------------------------
0002 Assertion name: String array equal (global)   type: string                   status: pass
  actual:   consectetur adipiscing elit.
  expected: *i*
------------------------------------------------------------------------------
0003 Assertion name: String array equal (global)   type: string                   status: pass
  actual:   Aliquam non consequat ex,
  expected: *i*
------------------------------------------------------------------------------
0004 Assertion name: String array equal (global)   type: string                   status: pass
  actual:   efficitur vestibulum mauris.
  expected: *i*
------------------------------------------------------------------------------
0001 0001 Assertion name: Class matrix equal   type: class                    status: pass
  actual:   1: 1.000000 (One)
  expected: 1: 1.000000 (One)
------------------------------------------------------------------------------
0001 0002 Assertion name: Class matrix equal   type: class                    status: pass
  actual:   3: 3.000000 (Three)
  expected: 3: 3.000000 (Three)
------------------------------------------------------------------------------
0002 0001 Assertion name: Class matrix equal   type: class                    status: pass
  actual:   2: 2.000000 (Two)
  expected: 2: 2.000000 (Two)
------------------------------------------------------------------------------
0002 0002 Assertion name: Class matrix equal   type: class                    status: pass
  actual:   4: 4.000000 (Four)
  expected: 4: 4.000000 (Four)
------------------------------------------------------------------------------
0001 0001 Assertion name: Integer matrix equal   type: integer                  status: pass
  actual:   3
  expected: 3
------------------------------------------------------------------------------
0001 0002 Assertion name: Integer matrix equal   type: integer                  status: pass
  actual:   5
  expected: 5
------------------------------------------------------------------------------
0002 0001 Assertion name: Integer matrix equal   type: integer                  status: pass
  actual:   4
  expected: 4
------------------------------------------------------------------------------
0002 0002 Assertion name: Integer matrix equal   type: integer                  status: pass
  actual:   6
  expected: 6
------------------------------------------------------------------------------
0001 Assertion name: Real matrix equal   type: real                     status: pass
  actual:    3.00000000000000
  expected:  3.00000000000000
  threshold: 0.222044604925031E-013
------------------------------------------------------------------------------
0002 Assertion name: Real matrix equal   type: real                     status: pass
  actual:    4.00000000000000
  expected:  4.00000000000000
  threshold: 0.222044604925031E-013
------------------------------------------------------------------------------
0003 Assertion name: Real matrix equal   type: real                     status: pass
  actual:    5.00000000000000
  expected:  5.00000000000000
  threshold: 0.222044604925031E-013
------------------------------------------------------------------------------
0004 Assertion name: Real matrix equal   type: real                     status: pass
  actual:    6.00000000000000
  expected:  6.00000000000000
  threshold: 0.222044604925031E-013
------------------------------------------------------------------------------
------------------------------------------------------------------------------
